2019/11/27 12:30:53 [error] [exception.CHttpException.404] CHttpException: Unable to resolve the request "gii". in C:\xampp\htdocs\advanced3\framework\web\CWebApplication.php:286
Stack trace:
#0 C:\xampp\htdocs\advanced3\framework\web\CWebApplication.php(141): CWebApplication->runController('gii')
#1 C:\xampp\htdocs\advanced3\framework\base\CApplication.php(185): CWebApplication->processRequest()
#2 C:\xampp\htdocs\advanced3\staticpages\index.php(13): CApplication->run()
#3 {main}
REQUEST_URI=/advanced3/staticpages/index.php?r=gii
---
2019/11/27 12:31:05 [error] [exception.CHttpException.404] CHttpException: The system is unable to find the requested action "gii". in C:\xampp\htdocs\advanced3\framework\web\CController.php:486
Stack trace:
#0 C:\xampp\htdocs\advanced3\framework\web\CController.php(270): CController->missingAction('gii')
#1 C:\xampp\htdocs\advanced3\framework\web\CWebApplication.php(282): CController->run('gii')
#2 C:\xampp\htdocs\advanced3\framework\web\CWebApplication.php(141): CWebApplication->runController('site/gii')
#3 C:\xampp\htdocs\advanced3\framework\base\CApplication.php(185): CWebApplication->processRequest()
#4 C:\xampp\htdocs\advanced3\staticpages\index.php(13): CApplication->run()
#5 {main}
REQUEST_URI=/advanced3/staticpages/index.php?r=site/gii
---
2019/11/28 02:10:22 [error] [exception.ParseError] ParseError: syntax error, unexpected '?' in C:\xampp\htdocs\advanced3\staticpages\protected\components\UserIdentity.php:33
Stack trace:
#0 [internal function]: YiiBase::autoload('UserIdentity')
#1 C:\xampp\htdocs\advanced3\staticpages\protected\models\LoginForm.php(53): spl_autoload_call('UserIdentity')
#2 C:\xampp\htdocs\advanced3\framework\validators\CInlineValidator.php(42): LoginForm->authenticate('password', Array)
#3 C:\xampp\htdocs\advanced3\framework\validators\CValidator.php(201): CInlineValidator->validateAttribute(Object(LoginForm), 'password')
#4 C:\xampp\htdocs\advanced3\framework\base\CModel.php(159): CValidator->validate(Object(LoginForm), Array)
#5 C:\xampp\htdocs\advanced3\staticpages\protected\controllers\SiteController.php(94): CModel->validate()
#6 C:\xampp\htdocs\advanced3\framework\web\actions\CInlineAction.php(49): SiteController->actionLogin()
#7 C:\xampp\htdocs\advanced3\framework\web\CController.php(308): CInlineAction->runWithParams(Array)
#8 C:\xampp\htdocs\advanced3\framework\web\CController.php(286): CController->runAction(Object(CInlineAction))
#9 C:\xampp\htdocs\advanced3\framework\web\CController.php(265): CController->runActionWithFilters(Object(CInlineAction), Array)
#10 C:\xampp\htdocs\advanced3\framework\web\CWebApplication.php(282): CController->run('login')
#11 C:\xampp\htdocs\advanced3\framework\web\CWebApplication.php(141): CWebApplication->runController('site/login')
#12 C:\xampp\htdocs\advanced3\framework\base\CApplication.php(185): CWebApplication->processRequest()
#13 C:\xampp\htdocs\advanced3\staticpages\index.php(13): CApplication->run()
#14 {main}
REQUEST_URI=/advanced3/staticpages/index.php?r=site/login
HTTP_REFERER=http://localhost/advanced3/staticpages/index.php?r=site/login
---
2019/11/28 02:11:02 [error] [exception.ParseError] ParseError: syntax error, unexpected ':' in C:\xampp\htdocs\advanced3\staticpages\protected\components\UserIdentity.php:34
Stack trace:
#0 [internal function]: YiiBase::autoload('UserIdentity')
#1 C:\xampp\htdocs\advanced3\staticpages\protected\models\LoginForm.php(53): spl_autoload_call('UserIdentity')
#2 C:\xampp\htdocs\advanced3\framework\validators\CInlineValidator.php(42): LoginForm->authenticate('password', Array)
#3 C:\xampp\htdocs\advanced3\framework\validators\CValidator.php(201): CInlineValidator->validateAttribute(Object(LoginForm), 'password')
#4 C:\xampp\htdocs\advanced3\framework\base\CModel.php(159): CValidator->validate(Object(LoginForm), Array)
#5 C:\xampp\htdocs\advanced3\staticpages\protected\controllers\SiteController.php(94): CModel->validate()
#6 C:\xampp\htdocs\advanced3\framework\web\actions\CInlineAction.php(49): SiteController->actionLogin()
#7 C:\xampp\htdocs\advanced3\framework\web\CController.php(308): CInlineAction->runWithParams(Array)
#8 C:\xampp\htdocs\advanced3\framework\web\CController.php(286): CController->runAction(Object(CInlineAction))
#9 C:\xampp\htdocs\advanced3\framework\web\CController.php(265): CController->runActionWithFilters(Object(CInlineAction), Array)
#10 C:\xampp\htdocs\advanced3\framework\web\CWebApplication.php(282): CController->run('login')
#11 C:\xampp\htdocs\advanced3\framework\web\CWebApplication.php(141): CWebApplication->runController('site/login')
#12 C:\xampp\htdocs\advanced3\framework\base\CApplication.php(185): CWebApplication->processRequest()
#13 C:\xampp\htdocs\advanced3\staticpages\index.php(13): CApplication->run()
#14 {main}
REQUEST_URI=/advanced3/staticpages/index.php?r=site/login
HTTP_REFERER=http://localhost/advanced3/staticpages/index.php?r=site/login
---
2019/11/28 02:35:42 [error] [exception.CHttpException.404] CHttpException: The system is unable to find the requested action "item". in C:\xampp\htdocs\advanced3\framework\web\CController.php:486
Stack trace:
#0 C:\xampp\htdocs\advanced3\framework\web\CController.php(270): CController->missingAction('item')
#1 C:\xampp\htdocs\advanced3\framework\web\CWebApplication.php(282): CController->run('item')
#2 C:\xampp\htdocs\advanced3\framework\web\CWebApplication.php(141): CWebApplication->runController('site/item')
#3 C:\xampp\htdocs\advanced3\framework\base\CApplication.php(185): CWebApplication->processRequest()
#4 C:\xampp\htdocs\advanced3\staticpages\index.php(13): CApplication->run()
#5 {main}
REQUEST_URI=/advanced3/staticpages/index.php?r=site/item
HTTP_REFERER=http://localhost/advanced3/staticpages/index.php?r=item/index
---
2019/11/28 02:36:28 [error] [exception.CHttpException.404] CHttpException: The system is unable to find the requested action "item". in C:\xampp\htdocs\advanced3\framework\web\CController.php:486
Stack trace:
#0 C:\xampp\htdocs\advanced3\framework\web\CController.php(270): CController->missingAction('item')
#1 C:\xampp\htdocs\advanced3\framework\web\CWebApplication.php(282): CController->run('item')
#2 C:\xampp\htdocs\advanced3\framework\web\CWebApplication.php(141): CWebApplication->runController('site/item')
#3 C:\xampp\htdocs\advanced3\framework\base\CApplication.php(185): CWebApplication->processRequest()
#4 C:\xampp\htdocs\advanced3\staticpages\index.php(13): CApplication->run()
#5 {main}
REQUEST_URI=/advanced3/staticpages/index.php?r=site/item
HTTP_REFERER=http://localhost/advanced3/staticpages/index.php?r=item/index
---
